[debug] [2022-10-19T14:03:10.938Z] ----------------------------------------------------------------------
[debug] [2022-10-19T14:03:10.941Z] Command:       /home/shady/.nvm/versions/node/v16.17.1/bin/node /home/shady/.nvm/versions/node/v16.17.1/bin/firebase init
[debug] [2022-10-19T14:03:10.941Z] CLI Version:   11.15.0
[debug] [2022-10-19T14:03:10.941Z] Platform:      linux
[debug] [2022-10-19T14:03:10.941Z] Node Version:  v16.17.1
[debug] [2022-10-19T14:03:10.942Z] Time:          Wed Oct 19 2022 16:03:10 GMT+0200 (Eastern European Standard Time)
[debug] [2022-10-19T14:03:10.942Z] ----------------------------------------------------------------------
[debug] 
[debug] [2022-10-19T14:03:10.951Z] > command requires scopes: ["email","openid","https://www.googleapis.com/auth/cloudplatformprojects.readonly","https://www.googleapis.com/auth/firebase","https://www.googleapis.com/auth/cloud-platform"]
[debug] [2022-10-19T14:03:10.952Z] > authorizing via signed-in user (chadibassily@gmail.com)
[info] 
     ######## #### ########  ######## ########     ###     ######  ########
     ##        ##  ##     ## ##       ##     ##  ##   ##  ##       ##
     ######    ##  ########  ######   ########  #########  ######  ######
     ##        ##  ##    ##  ##       ##     ## ##     ##       ## ##
     ##       #### ##     ## ######## ########  ##     ##  ######  ########

You're about to initialize a Firebase project in this directory:

  /home/shady/iti/front-end/react studying/social-media-app

[info] 
=== Project Setup
[info] 
[info] First, let's associate this project directory with a Firebase project.
[info] You can create multiple project aliases by running firebase use --add, 
[info] but for now we'll just set up a default project.
[info] 
[debug] [2022-10-19T14:04:37.884Z] >>> [apiv2][query] GET https://firebase.googleapis.com/v1beta1/projects pageSize=100
[debug] [2022-10-19T14:04:38.821Z] <<< [apiv2][status] GET https://firebase.googleapis.com/v1beta1/projects 200
[debug] [2022-10-19T14:04:38.821Z] <<< [apiv2][body] GET https://firebase.googleapis.com/v1beta1/projects [omitted]
[info] i  Using project social-media-4b60c (social-media) 
[info] 
=== Hosting Setup
[info] 
[info] Your public directory is the folder (relative to your project directory) that
[info] will contain Hosting assets to be uploaded with firebase deploy. If you
[info] have a build process for your assets, use your build's output directory.
[info] 
[info] ✔  Wrote public/404.html 
[debug] [2022-10-19T14:06:21.596Z] >>> [apiv2][query] GET https://www.gstatic.com/firebasejs/releases.json [none]
[debug] [2022-10-19T14:06:21.906Z] <<< [apiv2][status] GET https://www.gstatic.com/firebasejs/releases.json 200
[debug] [2022-10-19T14:06:21.906Z] <<< [apiv2][body] GET https://www.gstatic.com/firebasejs/releases.json {"current":{"version":"9.12.1","browserURL":"https://www.gstatic.com/firebasejs/9.12.1/firebase.js","packageURL":"https://www.gstatic.com/firebasejs/9.12.1/firebase.tgz"},"live":{"version":"9.12","browserURL":"https://www.gstatic.com/firebasejs/live/9.12/firebase.js","packageURL":"https://www.gstatic.com/firebasejs/live/9.12/firebase.tgz"},"components":{"analytics":"https://www.gstatic.com/firebasejs/9.12.1/firebase-analytics.js","app":"https://www.gstatic.com/firebasejs/9.12.1/firebase-app.js","app-check":"https://www.gstatic.com/firebasejs/9.12.1/firebase-app-check.js","auth":"https://www.gstatic.com/firebasejs/9.12.1/firebase-auth.js","auth/cordova":"https://www.gstatic.com/firebasejs/9.12.1/firebase-auth/cordova.js","auth/react-native":"https://www.gstatic.com/firebasejs/9.12.1/firebase-auth/react-native.js","functions":"https://www.gstatic.com/firebasejs/9.12.1/firebase-functions.js","firestore":"https://www.gstatic.com/firebasejs/9.12.1/firebase-firestore.js","firestore/lite":"https://www.gstatic.com/firebasejs/9.12.1/firebase-firestore/lite.js","installations":"https://www.gstatic.com/firebasejs/9.12.1/firebase-installations.js","storage":"https://www.gstatic.com/firebasejs/9.12.1/firebase-storage.js","performance":"https://www.gstatic.com/firebasejs/9.12.1/firebase-performance.js","remote-config":"https://www.gstatic.com/firebasejs/9.12.1/firebase-remote-config.js","messaging":"https://www.gstatic.com/firebasejs/9.12.1/firebase-messaging.js","messaging/sw":"https://www.gstatic.com/firebasejs/9.12.1/firebase-messaging/sw.js","database":"https://www.gstatic.com/firebasejs/9.12.1/firebase-database.js","firestore.memory":"https://www.gstatic.com/firebasejs/9.12.1/firebase-firestore.memory.js"}}
[info] i  Skipping write of public/index.html 
[info] 
[info] i  Detected a .git folder at /home/shady/iti/front-end/react studying/social-media-app 
[info] i  Authorizing with GitHub to upload your service account to a GitHub repository's secrets store. 
[info] 
[info] Visit this URL on this device to log in:
[info] https://github.com/login/oauth/authorize?client_id=89cf50f02ac6aaed3484&state=9755836&redirect_uri=http%3A%2F%2Flocalhost%3A9005&scope=read%3Auser%20repo%20public_repo
[info] 
[info] Waiting for authentication...
[debug] [2022-10-19T14:07:14.065Z] >>> [apiv2][query] POST https://github.com/login/oauth/access_token [none]
[debug] [2022-10-19T14:07:14.065Z] >>> [apiv2][body] POST https://github.com/login/oauth/access_token [stream]
[debug] [2022-10-19T14:07:33.870Z] <<< [apiv2][status] POST https://github.com/login/oauth/access_token 200
[debug] [2022-10-19T14:07:33.872Z] <<< [apiv2][body] POST https://github.com/login/oauth/access_token {"access_token":"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","token_type":"bearer","scope":"read:user,repo"}
[debug] [2022-10-19T14:07:33.891Z] >>> [apiv2][query] GET https://api.github.com/user [none]
[debug] [2022-10-19T14:07:42.468Z] <<< [apiv2][status] GET https://api.github.com/user 200
[debug] [2022-10-19T14:07:42.470Z] <<< [apiv2][body] GET https://api.github.com/user {"login":"shadybassily","id":85500332,"node_id":"MDQ6VXNlcjg1NTAwMzMy","avatar_url":"https://avatars.githubusercontent.com/u/85500332?v=4","gravatar_id":"","url":"https://api.github.com/users/shadybassily","html_url":"https://github.com/shadybassily","followers_url":"https://api.github.com/users/shadybassily/followers","following_url":"https://api.github.com/users/shadybassily/following{/other_user}","gists_url":"https://api.github.com/users/shadybassily/gists{/gist_id}","starred_url":"https://api.github.com/users/shadybassily/starred{/owner}{/repo}","subscriptions_url":"https://api.github.com/users/shadybassily/subscriptions","organizations_url":"https://api.github.com/users/shadybassily/orgs","repos_url":"https://api.github.com/users/shadybassily/repos","events_url":"https://api.github.com/users/shadybassily/events{/privacy}","received_events_url":"https://api.github.com/users/shadybassily/received_events","type":"User","site_admin":false,"name":null,"company":null,"blog":"","location":null,"email":null,"hireable":null,"bio":null,"twitter_username":null,"public_repos":10,"public_gists":0,"followers":1,"following":0,"created_at":"2021-06-07T13:40:18Z","updated_at":"2022-09-12T20:09:35Z","private_gists":0,"total_private_repos":0,"owned_private_repos":0,"disk_usage":79559,"collaborators":0,"two_factor_authentication":false,"plan":{"name":"free","space":976562499,"collaborators":0,"private_repos":10000}}
[info] 
[info] ✔  Success! Logged into GitHub as shadybassily 
[info] 
